<?xml version="1.0" encoding="UTF-8"?>
<testsuites>
  <testsuite name="" tests="88" assertions="271" failures="0" errors="0" time="0.883840">
    <testsuite name="Eloquent\Enumeration\AbstractEnumerationTest" file="/home/travis/build/eloquent/enumeration/test/suite/AbstractEnumerationTest.php" tests="29" assertions="82" failures="0" errors="0" time="0.341985">
      <testcase name="testMemberByKey" class="Eloquent\Enumeration\AbstractEnumerationTest" file="/home/travis/build/eloquent/enumeration/test/suite/AbstractEnumerationTest.php" line="31" assertions="6" time="0.030098"/>
      <testcase name="testMemberByKeyFailureUndefined" class="Eloquent\Enumeration\AbstractEnumerationTest" file="/home/travis/build/eloquent/enumeration/test/suite/AbstractEnumerationTest.php" line="44" assertions="1" time="0.012260"/>
      <testcase name="testMemberByKeyWithDefault" class="Eloquent\Enumeration\AbstractEnumerationTest" file="/home/travis/build/eloquent/enumeration/test/suite/AbstractEnumerationTest.php" line="50" assertions="5" time="0.015482"/>
      <testcase name="testMemberOrNullByKey" class="Eloquent\Enumeration\AbstractEnumerationTest" file="/home/travis/build/eloquent/enumeration/test/suite/AbstractEnumerationTest.php" line="62" assertions="4" time="0.013229"/>
      <testcase name="testMemberOrNullByKeyFailureUndefined" class="Eloquent\Enumeration\AbstractEnumerationTest" file="/home/travis/build/eloquent/enumeration/test/suite/AbstractEnumerationTest.php" line="70" assertions="1" time="0.009103"/>
      <testcase name="testMemberBy" class="Eloquent\Enumeration\AbstractEnumerationTest" file="/home/travis/build/eloquent/enumeration/test/suite/AbstractEnumerationTest.php" line="76" assertions="6" time="0.017789"/>
      <testcase name="testMemberByFailureUndefined" class="Eloquent\Enumeration\AbstractEnumerationTest" file="/home/travis/build/eloquent/enumeration/test/suite/AbstractEnumerationTest.php" line="89" assertions="1" time="0.009753"/>
      <testcase name="testMemberByWithDefault" class="Eloquent\Enumeration\AbstractEnumerationTest" file="/home/travis/build/eloquent/enumeration/test/suite/AbstractEnumerationTest.php" line="95" assertions="5" time="0.014575"/>
      <testcase name="testMemberOrNullBy" class="Eloquent\Enumeration\AbstractEnumerationTest" file="/home/travis/build/eloquent/enumeration/test/suite/AbstractEnumerationTest.php" line="107" assertions="4" time="0.013083"/>
      <testcase name="testMemberOrNullByFailureUndefined" class="Eloquent\Enumeration\AbstractEnumerationTest" file="/home/travis/build/eloquent/enumeration/test/suite/AbstractEnumerationTest.php" line="115" assertions="1" time="0.009697"/>
      <testcase name="testMemberByPredicate" class="Eloquent\Enumeration\AbstractEnumerationTest" file="/home/travis/build/eloquent/enumeration/test/suite/AbstractEnumerationTest.php" line="121" assertions="5" time="0.018168"/>
      <testcase name="testMemberByPredicateFailureUndefined" class="Eloquent\Enumeration\AbstractEnumerationTest" file="/home/travis/build/eloquent/enumeration/test/suite/AbstractEnumerationTest.php" line="141" assertions="1" time="0.009514"/>
      <testcase name="testMemberByPredicateWithDefault" class="Eloquent\Enumeration\AbstractEnumerationTest" file="/home/travis/build/eloquent/enumeration/test/suite/AbstractEnumerationTest.php" line="151" assertions="4" time="0.012807"/>
      <testcase name="testMembers" class="Eloquent\Enumeration\AbstractEnumerationTest" file="/home/travis/build/eloquent/enumeration/test/suite/AbstractEnumerationTest.php" line="181" assertions="1" time="0.010280"/>
      <testcase name="testMembersBy" class="Eloquent\Enumeration\AbstractEnumerationTest" file="/home/travis/build/eloquent/enumeration/test/suite/AbstractEnumerationTest.php" line="190" assertions="2" time="0.010989"/>
      <testcase name="testMembersByPredicate" class="Eloquent\Enumeration\AbstractEnumerationTest" file="/home/travis/build/eloquent/enumeration/test/suite/AbstractEnumerationTest.php" line="199" assertions="1" time="0.010105"/>
      <testcase name="testCallStatic" class="Eloquent\Enumeration\AbstractEnumerationTest" file="/home/travis/build/eloquent/enumeration/test/suite/AbstractEnumerationTest.php" line="216" assertions="5" time="0.018338"/>
      <testcase name="testCallStaticFailureUndefined" class="Eloquent\Enumeration\AbstractEnumerationTest" file="/home/travis/build/eloquent/enumeration/test/suite/AbstractEnumerationTest.php" line="228" assertions="1" time="0.009869"/>
      <testcase name="testInstantiationLogic" class="Eloquent\Enumeration\AbstractEnumerationTest" file="/home/travis/build/eloquent/enumeration/test/suite/AbstractEnumerationTest.php" line="234" assertions="4" time="0.010898"/>
      <testcase name="testInheritanceProtection" class="Eloquent\Enumeration\AbstractEnumerationTest" file="/home/travis/build/eloquent/enumeration/test/suite/AbstractEnumerationTest.php" line="245" assertions="1" time="0.007680"/>
      <testcase name="testAnyOf" class="Eloquent\Enumeration\AbstractEnumerationTest" file="/home/travis/build/eloquent/enumeration/test/suite/AbstractEnumerationTest.php" line="251" assertions="2" time="0.009991"/>
      <testcase name="testAnyOfArray" class="Eloquent\Enumeration\AbstractEnumerationTest" file="/home/travis/build/eloquent/enumeration/test/suite/AbstractEnumerationTest.php" line="257" assertions="2" time="0.008105"/>
      <testcase name="testToString" class="Eloquent\Enumeration\AbstractEnumerationTest" file="/home/travis/build/eloquent/enumeration/test/suite/AbstractEnumerationTest.php" line="264" assertions="2" time="0.007340"/>
      <testcase name="testMemberByValue" class="Eloquent\Enumeration\AbstractEnumerationTest" file="/home/travis/build/eloquent/enumeration/test/suite/AbstractEnumerationTest.php" line="275" assertions="3" time="0.009036"/>
      <testcase name="testMemberByValueFailureUndefined" class="Eloquent\Enumeration\AbstractEnumerationTest" file="/home/travis/build/eloquent/enumeration/test/suite/AbstractEnumerationTest.php" line="282" assertions="1" time="0.007024"/>
      <testcase name="testMemberByValueWithDefault" class="Eloquent\Enumeration\AbstractEnumerationTest" file="/home/travis/build/eloquent/enumeration/test/suite/AbstractEnumerationTest.php" line="288" assertions="5" time="0.011042"/>
      <testcase name="testMemberOrNullByValue" class="Eloquent\Enumeration\AbstractEnumerationTest" file="/home/travis/build/eloquent/enumeration/test/suite/AbstractEnumerationTest.php" line="309" assertions="4" time="0.009683"/>
      <testcase name="testMemberOrNullByValueFailureUndefined" class="Eloquent\Enumeration\AbstractEnumerationTest" file="/home/travis/build/eloquent/enumeration/test/suite/AbstractEnumerationTest.php" line="317" assertions="1" time="0.006996"/>
      <testcase name="testMembersByValue" class="Eloquent\Enumeration\AbstractEnumerationTest" file="/home/travis/build/eloquent/enumeration/test/suite/AbstractEnumerationTest.php" line="323" assertions="3" time="0.009051"/>
    </testsuite>
    <testsuite name="Eloquent\Enumeration\AbstractMultitonTest" file="/home/travis/build/eloquent/enumeration/test/suite/AbstractMultitonTest.php" tests="23" assertions="76" failures="0" errors="0" time="0.210115">
      <testcase name="testMemberByKey" class="Eloquent\Enumeration\AbstractMultitonTest" file="/home/travis/build/eloquent/enumeration/test/suite/AbstractMultitonTest.php" line="33" assertions="8" time="0.015136"/>
      <testcase name="testMemberByKeyFailureUndefined" class="Eloquent\Enumeration\AbstractMultitonTest" file="/home/travis/build/eloquent/enumeration/test/suite/AbstractMultitonTest.php" line="55" assertions="1" time="0.007106"/>
      <testcase name="testMemberByKeyWithDefault" class="Eloquent\Enumeration\AbstractMultitonTest" file="/home/travis/build/eloquent/enumeration/test/suite/AbstractMultitonTest.php" line="61" assertions="5" time="0.010478"/>
      <testcase name="testMemberOrNullByKey" class="Eloquent\Enumeration\AbstractMultitonTest" file="/home/travis/build/eloquent/enumeration/test/suite/AbstractMultitonTest.php" line="70" assertions="4" time="0.009352"/>
      <testcase name="testMemberOrNullByKeyFailureUndefined" class="Eloquent\Enumeration\AbstractMultitonTest" file="/home/travis/build/eloquent/enumeration/test/suite/AbstractMultitonTest.php" line="78" assertions="1" time="0.007123"/>
      <testcase name="testMemberBy" class="Eloquent\Enumeration\AbstractMultitonTest" file="/home/travis/build/eloquent/enumeration/test/suite/AbstractMultitonTest.php" line="84" assertions="8" time="0.014159"/>
      <testcase name="testMemberByFailureUndefined" class="Eloquent\Enumeration\AbstractMultitonTest" file="/home/travis/build/eloquent/enumeration/test/suite/AbstractMultitonTest.php" line="106" assertions="1" time="0.007159"/>
      <testcase name="testMemberByWithDefault" class="Eloquent\Enumeration\AbstractMultitonTest" file="/home/travis/build/eloquent/enumeration/test/suite/AbstractMultitonTest.php" line="112" assertions="5" time="0.010260"/>
      <testcase name="testMemberOrNullBy" class="Eloquent\Enumeration\AbstractMultitonTest" file="/home/travis/build/eloquent/enumeration/test/suite/AbstractMultitonTest.php" line="121" assertions="4" time="0.009209"/>
      <testcase name="testMemberOrNullByFailureUndefined" class="Eloquent\Enumeration\AbstractMultitonTest" file="/home/travis/build/eloquent/enumeration/test/suite/AbstractMultitonTest.php" line="129" assertions="1" time="0.007215"/>
      <testcase name="testMemberByPredicate" class="Eloquent\Enumeration\AbstractMultitonTest" file="/home/travis/build/eloquent/enumeration/test/suite/AbstractMultitonTest.php" line="135" assertions="7" time="0.013563"/>
      <testcase name="testMemberByPredicateFailureUndefined" class="Eloquent\Enumeration\AbstractMultitonTest" file="/home/travis/build/eloquent/enumeration/test/suite/AbstractMultitonTest.php" line="164" assertions="1" time="0.006859"/>
      <testcase name="testMemberByPredicateWithDefault" class="Eloquent\Enumeration\AbstractMultitonTest" file="/home/travis/build/eloquent/enumeration/test/suite/AbstractMultitonTest.php" line="174" assertions="4" time="0.009094"/>
      <testcase name="testMembers" class="Eloquent\Enumeration\AbstractMultitonTest" file="/home/travis/build/eloquent/enumeration/test/suite/AbstractMultitonTest.php" line="204" assertions="1" time="0.007369"/>
      <testcase name="testMembersBy" class="Eloquent\Enumeration\AbstractMultitonTest" file="/home/travis/build/eloquent/enumeration/test/suite/AbstractMultitonTest.php" line="216" assertions="4" time="0.008423"/>
      <testcase name="testMembersByPredicate" class="Eloquent\Enumeration\AbstractMultitonTest" file="/home/travis/build/eloquent/enumeration/test/suite/AbstractMultitonTest.php" line="234" assertions="3" time="0.007600"/>
      <testcase name="testCallStatic" class="Eloquent\Enumeration\AbstractMultitonTest" file="/home/travis/build/eloquent/enumeration/test/suite/AbstractMultitonTest.php" line="260" assertions="6" time="0.013365"/>
      <testcase name="testCallStaticFailureUndefined" class="Eloquent\Enumeration\AbstractMultitonTest" file="/home/travis/build/eloquent/enumeration/test/suite/AbstractMultitonTest.php" line="279" assertions="1" time="0.007167"/>
      <testcase name="testInstantiationLogic" class="Eloquent\Enumeration\AbstractMultitonTest" file="/home/travis/build/eloquent/enumeration/test/suite/AbstractMultitonTest.php" line="285" assertions="4" time="0.007766"/>
      <testcase name="testInheritanceProtection" class="Eloquent\Enumeration\AbstractMultitonTest" file="/home/travis/build/eloquent/enumeration/test/suite/AbstractMultitonTest.php" line="296" assertions="1" time="0.007137"/>
      <testcase name="testAnyOf" class="Eloquent\Enumeration\AbstractMultitonTest" file="/home/travis/build/eloquent/enumeration/test/suite/AbstractMultitonTest.php" line="302" assertions="2" time="0.008913"/>
      <testcase name="testAnyOfArray" class="Eloquent\Enumeration\AbstractMultitonTest" file="/home/travis/build/eloquent/enumeration/test/suite/AbstractMultitonTest.php" line="308" assertions="2" time="0.008183"/>
      <testcase name="testToString" class="Eloquent\Enumeration\AbstractMultitonTest" file="/home/travis/build/eloquent/enumeration/test/suite/AbstractMultitonTest.php" line="315" assertions="2" time="0.007479"/>
    </testsuite>
    <testsuite name="Eloquent\Enumeration\AbstractValueMultitonTest" file="/home/travis/build/eloquent/enumeration/test/suite/AbstractValueMultitonTest.php" tests="29" assertions="93" failures="0" errors="0" time="0.261791">
      <testcase name="testMemberByKey" class="Eloquent\Enumeration\AbstractValueMultitonTest" file="/home/travis/build/eloquent/enumeration/test/suite/AbstractValueMultitonTest.php" line="33" assertions="8" time="0.016840"/>
      <testcase name="testMemberByKeyFailureUndefined" class="Eloquent\Enumeration\AbstractValueMultitonTest" file="/home/travis/build/eloquent/enumeration/test/suite/AbstractValueMultitonTest.php" line="55" assertions="1" time="0.008152"/>
      <testcase name="testMemberByKeyWithDefault" class="Eloquent\Enumeration\AbstractValueMultitonTest" file="/home/travis/build/eloquent/enumeration/test/suite/AbstractValueMultitonTest.php" line="61" assertions="5" time="0.012907"/>
      <testcase name="testMemberOrNullByKey" class="Eloquent\Enumeration\AbstractValueMultitonTest" file="/home/travis/build/eloquent/enumeration/test/suite/AbstractValueMultitonTest.php" line="70" assertions="4" time="0.009123"/>
      <testcase name="testMemberOrNullByKeyFailureUndefined" class="Eloquent\Enumeration\AbstractValueMultitonTest" file="/home/travis/build/eloquent/enumeration/test/suite/AbstractValueMultitonTest.php" line="78" assertions="1" time="0.008259"/>
      <testcase name="testMemberBy" class="Eloquent\Enumeration\AbstractValueMultitonTest" file="/home/travis/build/eloquent/enumeration/test/suite/AbstractValueMultitonTest.php" line="84" assertions="8" time="0.013568"/>
      <testcase name="testMemberByFailureUndefined" class="Eloquent\Enumeration\AbstractValueMultitonTest" file="/home/travis/build/eloquent/enumeration/test/suite/AbstractValueMultitonTest.php" line="106" assertions="1" time="0.006853"/>
      <testcase name="testMemberByWithDefault" class="Eloquent\Enumeration\AbstractValueMultitonTest" file="/home/travis/build/eloquent/enumeration/test/suite/AbstractValueMultitonTest.php" line="112" assertions="5" time="0.009954"/>
      <testcase name="testMemberOrNullBy" class="Eloquent\Enumeration\AbstractValueMultitonTest" file="/home/travis/build/eloquent/enumeration/test/suite/AbstractValueMultitonTest.php" line="121" assertions="4" time="0.008971"/>
      <testcase name="testMemberOrNullByFailureUndefined" class="Eloquent\Enumeration\AbstractValueMultitonTest" file="/home/travis/build/eloquent/enumeration/test/suite/AbstractValueMultitonTest.php" line="129" assertions="1" time="0.006818"/>
      <testcase name="testMemberByPredicate" class="Eloquent\Enumeration\AbstractValueMultitonTest" file="/home/travis/build/eloquent/enumeration/test/suite/AbstractValueMultitonTest.php" line="135" assertions="7" time="0.012992"/>
      <testcase name="testMemberByPredicateFailureUndefined" class="Eloquent\Enumeration\AbstractValueMultitonTest" file="/home/travis/build/eloquent/enumeration/test/suite/AbstractValueMultitonTest.php" line="164" assertions="1" time="0.006670"/>
      <testcase name="testMemberByPredicateWithDefault" class="Eloquent\Enumeration\AbstractValueMultitonTest" file="/home/travis/build/eloquent/enumeration/test/suite/AbstractValueMultitonTest.php" line="174" assertions="4" time="0.008835"/>
      <testcase name="testMembers" class="Eloquent\Enumeration\AbstractValueMultitonTest" file="/home/travis/build/eloquent/enumeration/test/suite/AbstractValueMultitonTest.php" line="204" assertions="1" time="0.007202"/>
      <testcase name="testMembersBy" class="Eloquent\Enumeration\AbstractValueMultitonTest" file="/home/travis/build/eloquent/enumeration/test/suite/AbstractValueMultitonTest.php" line="213" assertions="4" time="0.008247"/>
      <testcase name="testMembersByPredicate" class="Eloquent\Enumeration\AbstractValueMultitonTest" file="/home/travis/build/eloquent/enumeration/test/suite/AbstractValueMultitonTest.php" line="231" assertions="3" time="0.007639"/>
      <testcase name="testCallStatic" class="Eloquent\Enumeration\AbstractValueMultitonTest" file="/home/travis/build/eloquent/enumeration/test/suite/AbstractValueMultitonTest.php" line="257" assertions="6" time="0.012967"/>
      <testcase name="testCallStaticFailureUndefined" class="Eloquent\Enumeration\AbstractValueMultitonTest" file="/home/travis/build/eloquent/enumeration/test/suite/AbstractValueMultitonTest.php" line="276" assertions="1" time="0.006977"/>
      <testcase name="testInstantiationLogic" class="Eloquent\Enumeration\AbstractValueMultitonTest" file="/home/travis/build/eloquent/enumeration/test/suite/AbstractValueMultitonTest.php" line="282" assertions="4" time="0.007565"/>
      <testcase name="testInheritanceProtection" class="Eloquent\Enumeration\AbstractValueMultitonTest" file="/home/travis/build/eloquent/enumeration/test/suite/AbstractValueMultitonTest.php" line="293" assertions="1" time="0.006987"/>
      <testcase name="testAnyOf" class="Eloquent\Enumeration\AbstractValueMultitonTest" file="/home/travis/build/eloquent/enumeration/test/suite/AbstractValueMultitonTest.php" line="299" assertions="2" time="0.008724"/>
      <testcase name="testAnyOfArray" class="Eloquent\Enumeration\AbstractValueMultitonTest" file="/home/travis/build/eloquent/enumeration/test/suite/AbstractValueMultitonTest.php" line="305" assertions="2" time="0.007982"/>
      <testcase name="testToString" class="Eloquent\Enumeration\AbstractValueMultitonTest" file="/home/travis/build/eloquent/enumeration/test/suite/AbstractValueMultitonTest.php" line="312" assertions="2" time="0.007217"/>
      <testcase name="testMemberByValue" class="Eloquent\Enumeration\AbstractValueMultitonTest" file="/home/travis/build/eloquent/enumeration/test/suite/AbstractValueMultitonTest.php" line="323" assertions="3" time="0.008397"/>
      <testcase name="testMemberByValueFailureUndefined" class="Eloquent\Enumeration\AbstractValueMultitonTest" file="/home/travis/build/eloquent/enumeration/test/suite/AbstractValueMultitonTest.php" line="330" assertions="1" time="0.006844"/>
      <testcase name="testMemberByValueWithDefault" class="Eloquent\Enumeration\AbstractValueMultitonTest" file="/home/travis/build/eloquent/enumeration/test/suite/AbstractValueMultitonTest.php" line="336" assertions="5" time="0.010145"/>
      <testcase name="testMemberOrNullByValue" class="Eloquent\Enumeration\AbstractValueMultitonTest" file="/home/travis/build/eloquent/enumeration/test/suite/AbstractValueMultitonTest.php" line="348" assertions="4" time="0.009152"/>
      <testcase name="testMemberOrNullByValueFailureUndefined" class="Eloquent\Enumeration\AbstractValueMultitonTest" file="/home/travis/build/eloquent/enumeration/test/suite/AbstractValueMultitonTest.php" line="356" assertions="1" time="0.006984"/>
      <testcase name="testMembersByValue" class="Eloquent\Enumeration\AbstractValueMultitonTest" file="/home/travis/build/eloquent/enumeration/test/suite/AbstractValueMultitonTest.php" line="362" assertions="3" time="0.008820"/>
    </testsuite>
    <testsuite name="Eloquent\Enumeration\Exception\ExtendsConcreteExceptionTest" file="/home/travis/build/eloquent/enumeration/test/suite/Exception/ExtendsConcreteExceptionTest.php" tests="1" assertions="5" failures="0" errors="0" time="0.006726">
      <testcase name="testException" class="Eloquent\Enumeration\Exception\ExtendsConcreteExceptionTest" file="/home/travis/build/eloquent/enumeration/test/suite/Exception/ExtendsConcreteExceptionTest.php" line="19" assertions="5" time="0.006726"/>
    </testsuite>
    <testsuite name="Eloquent\Enumeration\Exception\UndefinedMemberExceptionTest" file="/home/travis/build/eloquent/enumeration/test/suite/Exception/UndefinedMemberExceptionTest.php" tests="1" assertions="6" failures="0" errors="0" time="0.007173">
      <testcase name="testException" class="Eloquent\Enumeration\Exception\UndefinedMemberExceptionTest" file="/home/travis/build/eloquent/enumeration/test/suite/Exception/UndefinedMemberExceptionTest.php" line="23" assertions="6" time="0.007173"/>
    </testsuite>
    <testsuite name="FunctionalTest" file="/home/travis/build/eloquent/enumeration/test/suite/FunctionalTest.php" tests="5" assertions="9" failures="0" errors="0" time="0.056049">
      <testcase name="testHttpRequestMethodSetup" class="FunctionalTest" file="/home/travis/build/eloquent/enumeration/test/suite/FunctionalTest.php" line="17" assertions="1" time="0.012072"/>
      <testcase name="testHttpRequestMethodAcceptAll" class="FunctionalTest" file="/home/travis/build/eloquent/enumeration/test/suite/FunctionalTest.php" line="37" assertions="1" time="0.014931"/>
      <testcase name="testHttpRequestMethodStrictComparison" class="FunctionalTest" file="/home/travis/build/eloquent/enumeration/test/suite/FunctionalTest.php" line="70" assertions="5" time="0.009432"/>
      <testcase name="testPlanetSetup" class="FunctionalTest" file="/home/travis/build/eloquent/enumeration/test/suite/FunctionalTest.php" line="85" assertions="1" time="0.012189"/>
      <testcase name="testPlanetExampleScriptOutput" class="FunctionalTest" file="/home/travis/build/eloquent/enumeration/test/suite/FunctionalTest.php" line="104" assertions="1" time="0.007425"/>
    </testsuite>
  </testsuite>
</testsuites>
