<?xml version="1.0" encoding="UTF-8"?>
<testsuites>
  <testsuite name="" tests="88" assertions="271" failures="0" errors="0" time="0.829884">
    <testsuite name="Eloquent\Enumeration\AbstractEnumerationTest" file="/home/travis/build/eloquent/enumeration/test/suite/AbstractEnumerationTest.php" tests="29" assertions="82" failures="0" errors="0" time="0.281393">
      <testcase name="testMemberByKey" class="Eloquent\Enumeration\AbstractEnumerationTest" file="/home/travis/build/eloquent/enumeration/test/suite/AbstractEnumerationTest.php" line="31" assertions="6" time="0.029585"/>
      <testcase name="testMemberByKeyFailureUndefined" class="Eloquent\Enumeration\AbstractEnumerationTest" file="/home/travis/build/eloquent/enumeration/test/suite/AbstractEnumerationTest.php" line="44" assertions="1" time="0.008803"/>
      <testcase name="testMemberByKeyWithDefault" class="Eloquent\Enumeration\AbstractEnumerationTest" file="/home/travis/build/eloquent/enumeration/test/suite/AbstractEnumerationTest.php" line="50" assertions="5" time="0.011870"/>
      <testcase name="testMemberOrNullByKey" class="Eloquent\Enumeration\AbstractEnumerationTest" file="/home/travis/build/eloquent/enumeration/test/suite/AbstractEnumerationTest.php" line="62" assertions="4" time="0.010103"/>
      <testcase name="testMemberOrNullByKeyFailureUndefined" class="Eloquent\Enumeration\AbstractEnumerationTest" file="/home/travis/build/eloquent/enumeration/test/suite/AbstractEnumerationTest.php" line="70" assertions="1" time="0.006963"/>
      <testcase name="testMemberBy" class="Eloquent\Enumeration\AbstractEnumerationTest" file="/home/travis/build/eloquent/enumeration/test/suite/AbstractEnumerationTest.php" line="76" assertions="6" time="0.013523"/>
      <testcase name="testMemberByFailureUndefined" class="Eloquent\Enumeration\AbstractEnumerationTest" file="/home/travis/build/eloquent/enumeration/test/suite/AbstractEnumerationTest.php" line="89" assertions="1" time="0.006936"/>
      <testcase name="testMemberByWithDefault" class="Eloquent\Enumeration\AbstractEnumerationTest" file="/home/travis/build/eloquent/enumeration/test/suite/AbstractEnumerationTest.php" line="95" assertions="5" time="0.010696"/>
      <testcase name="testMemberOrNullBy" class="Eloquent\Enumeration\AbstractEnumerationTest" file="/home/travis/build/eloquent/enumeration/test/suite/AbstractEnumerationTest.php" line="107" assertions="4" time="0.009554"/>
      <testcase name="testMemberOrNullByFailureUndefined" class="Eloquent\Enumeration\AbstractEnumerationTest" file="/home/travis/build/eloquent/enumeration/test/suite/AbstractEnumerationTest.php" line="115" assertions="1" time="0.007032"/>
      <testcase name="testMemberByPredicate" class="Eloquent\Enumeration\AbstractEnumerationTest" file="/home/travis/build/eloquent/enumeration/test/suite/AbstractEnumerationTest.php" line="121" assertions="5" time="0.012887"/>
      <testcase name="testMemberByPredicateFailureUndefined" class="Eloquent\Enumeration\AbstractEnumerationTest" file="/home/travis/build/eloquent/enumeration/test/suite/AbstractEnumerationTest.php" line="141" assertions="1" time="0.006685"/>
      <testcase name="testMemberByPredicateWithDefault" class="Eloquent\Enumeration\AbstractEnumerationTest" file="/home/travis/build/eloquent/enumeration/test/suite/AbstractEnumerationTest.php" line="151" assertions="4" time="0.009507"/>
      <testcase name="testMembers" class="Eloquent\Enumeration\AbstractEnumerationTest" file="/home/travis/build/eloquent/enumeration/test/suite/AbstractEnumerationTest.php" line="181" assertions="1" time="0.007245"/>
      <testcase name="testMembersBy" class="Eloquent\Enumeration\AbstractEnumerationTest" file="/home/travis/build/eloquent/enumeration/test/suite/AbstractEnumerationTest.php" line="190" assertions="2" time="0.007955"/>
      <testcase name="testMembersByPredicate" class="Eloquent\Enumeration\AbstractEnumerationTest" file="/home/travis/build/eloquent/enumeration/test/suite/AbstractEnumerationTest.php" line="199" assertions="1" time="0.007304"/>
      <testcase name="testCallStatic" class="Eloquent\Enumeration\AbstractEnumerationTest" file="/home/travis/build/eloquent/enumeration/test/suite/AbstractEnumerationTest.php" line="216" assertions="5" time="0.013187"/>
      <testcase name="testCallStaticFailureUndefined" class="Eloquent\Enumeration\AbstractEnumerationTest" file="/home/travis/build/eloquent/enumeration/test/suite/AbstractEnumerationTest.php" line="228" assertions="1" time="0.006913"/>
      <testcase name="testInstantiationLogic" class="Eloquent\Enumeration\AbstractEnumerationTest" file="/home/travis/build/eloquent/enumeration/test/suite/AbstractEnumerationTest.php" line="234" assertions="4" time="0.007806"/>
      <testcase name="testInheritanceProtection" class="Eloquent\Enumeration\AbstractEnumerationTest" file="/home/travis/build/eloquent/enumeration/test/suite/AbstractEnumerationTest.php" line="245" assertions="1" time="0.007495"/>
      <testcase name="testAnyOf" class="Eloquent\Enumeration\AbstractEnumerationTest" file="/home/travis/build/eloquent/enumeration/test/suite/AbstractEnumerationTest.php" line="251" assertions="2" time="0.010040"/>
      <testcase name="testAnyOfArray" class="Eloquent\Enumeration\AbstractEnumerationTest" file="/home/travis/build/eloquent/enumeration/test/suite/AbstractEnumerationTest.php" line="257" assertions="2" time="0.008159"/>
      <testcase name="testToString" class="Eloquent\Enumeration\AbstractEnumerationTest" file="/home/travis/build/eloquent/enumeration/test/suite/AbstractEnumerationTest.php" line="264" assertions="2" time="0.007629"/>
      <testcase name="testMemberByValue" class="Eloquent\Enumeration\AbstractEnumerationTest" file="/home/travis/build/eloquent/enumeration/test/suite/AbstractEnumerationTest.php" line="275" assertions="3" time="0.009044"/>
      <testcase name="testMemberByValueFailureUndefined" class="Eloquent\Enumeration\AbstractEnumerationTest" file="/home/travis/build/eloquent/enumeration/test/suite/AbstractEnumerationTest.php" line="282" assertions="1" time="0.007130"/>
      <testcase name="testMemberByValueWithDefault" class="Eloquent\Enumeration\AbstractEnumerationTest" file="/home/travis/build/eloquent/enumeration/test/suite/AbstractEnumerationTest.php" line="288" assertions="5" time="0.011038"/>
      <testcase name="testMemberOrNullByValue" class="Eloquent\Enumeration\AbstractEnumerationTest" file="/home/travis/build/eloquent/enumeration/test/suite/AbstractEnumerationTest.php" line="309" assertions="4" time="0.009939"/>
      <testcase name="testMemberOrNullByValueFailureUndefined" class="Eloquent\Enumeration\AbstractEnumerationTest" file="/home/travis/build/eloquent/enumeration/test/suite/AbstractEnumerationTest.php" line="317" assertions="1" time="0.007031"/>
      <testcase name="testMembersByValue" class="Eloquent\Enumeration\AbstractEnumerationTest" file="/home/travis/build/eloquent/enumeration/test/suite/AbstractEnumerationTest.php" line="323" assertions="3" time="0.009334"/>
    </testsuite>
    <testsuite name="Eloquent\Enumeration\AbstractMultitonTest" file="/home/travis/build/eloquent/enumeration/test/suite/AbstractMultitonTest.php" tests="23" assertions="76" failures="0" errors="0" time="0.212130">
      <testcase name="testMemberByKey" class="Eloquent\Enumeration\AbstractMultitonTest" file="/home/travis/build/eloquent/enumeration/test/suite/AbstractMultitonTest.php" line="33" assertions="8" time="0.015284"/>
      <testcase name="testMemberByKeyFailureUndefined" class="Eloquent\Enumeration\AbstractMultitonTest" file="/home/travis/build/eloquent/enumeration/test/suite/AbstractMultitonTest.php" line="55" assertions="1" time="0.007286"/>
      <testcase name="testMemberByKeyWithDefault" class="Eloquent\Enumeration\AbstractMultitonTest" file="/home/travis/build/eloquent/enumeration/test/suite/AbstractMultitonTest.php" line="61" assertions="5" time="0.010684"/>
      <testcase name="testMemberOrNullByKey" class="Eloquent\Enumeration\AbstractMultitonTest" file="/home/travis/build/eloquent/enumeration/test/suite/AbstractMultitonTest.php" line="70" assertions="4" time="0.009545"/>
      <testcase name="testMemberOrNullByKeyFailureUndefined" class="Eloquent\Enumeration\AbstractMultitonTest" file="/home/travis/build/eloquent/enumeration/test/suite/AbstractMultitonTest.php" line="78" assertions="1" time="0.007209"/>
      <testcase name="testMemberBy" class="Eloquent\Enumeration\AbstractMultitonTest" file="/home/travis/build/eloquent/enumeration/test/suite/AbstractMultitonTest.php" line="84" assertions="8" time="0.014098"/>
      <testcase name="testMemberByFailureUndefined" class="Eloquent\Enumeration\AbstractMultitonTest" file="/home/travis/build/eloquent/enumeration/test/suite/AbstractMultitonTest.php" line="106" assertions="1" time="0.007105"/>
      <testcase name="testMemberByWithDefault" class="Eloquent\Enumeration\AbstractMultitonTest" file="/home/travis/build/eloquent/enumeration/test/suite/AbstractMultitonTest.php" line="112" assertions="5" time="0.010443"/>
      <testcase name="testMemberOrNullBy" class="Eloquent\Enumeration\AbstractMultitonTest" file="/home/travis/build/eloquent/enumeration/test/suite/AbstractMultitonTest.php" line="121" assertions="4" time="0.009514"/>
      <testcase name="testMemberOrNullByFailureUndefined" class="Eloquent\Enumeration\AbstractMultitonTest" file="/home/travis/build/eloquent/enumeration/test/suite/AbstractMultitonTest.php" line="129" assertions="1" time="0.006968"/>
      <testcase name="testMemberByPredicate" class="Eloquent\Enumeration\AbstractMultitonTest" file="/home/travis/build/eloquent/enumeration/test/suite/AbstractMultitonTest.php" line="135" assertions="7" time="0.013365"/>
      <testcase name="testMemberByPredicateFailureUndefined" class="Eloquent\Enumeration\AbstractMultitonTest" file="/home/travis/build/eloquent/enumeration/test/suite/AbstractMultitonTest.php" line="164" assertions="1" time="0.006909"/>
      <testcase name="testMemberByPredicateWithDefault" class="Eloquent\Enumeration\AbstractMultitonTest" file="/home/travis/build/eloquent/enumeration/test/suite/AbstractMultitonTest.php" line="174" assertions="4" time="0.009093"/>
      <testcase name="testMembers" class="Eloquent\Enumeration\AbstractMultitonTest" file="/home/travis/build/eloquent/enumeration/test/suite/AbstractMultitonTest.php" line="204" assertions="1" time="0.007557"/>
      <testcase name="testMembersBy" class="Eloquent\Enumeration\AbstractMultitonTest" file="/home/travis/build/eloquent/enumeration/test/suite/AbstractMultitonTest.php" line="216" assertions="4" time="0.008606"/>
      <testcase name="testMembersByPredicate" class="Eloquent\Enumeration\AbstractMultitonTest" file="/home/travis/build/eloquent/enumeration/test/suite/AbstractMultitonTest.php" line="234" assertions="3" time="0.007903"/>
      <testcase name="testCallStatic" class="Eloquent\Enumeration\AbstractMultitonTest" file="/home/travis/build/eloquent/enumeration/test/suite/AbstractMultitonTest.php" line="260" assertions="6" time="0.013395"/>
      <testcase name="testCallStaticFailureUndefined" class="Eloquent\Enumeration\AbstractMultitonTest" file="/home/travis/build/eloquent/enumeration/test/suite/AbstractMultitonTest.php" line="279" assertions="1" time="0.007238"/>
      <testcase name="testInstantiationLogic" class="Eloquent\Enumeration\AbstractMultitonTest" file="/home/travis/build/eloquent/enumeration/test/suite/AbstractMultitonTest.php" line="285" assertions="4" time="0.007923"/>
      <testcase name="testInheritanceProtection" class="Eloquent\Enumeration\AbstractMultitonTest" file="/home/travis/build/eloquent/enumeration/test/suite/AbstractMultitonTest.php" line="296" assertions="1" time="0.007147"/>
      <testcase name="testAnyOf" class="Eloquent\Enumeration\AbstractMultitonTest" file="/home/travis/build/eloquent/enumeration/test/suite/AbstractMultitonTest.php" line="302" assertions="2" time="0.009014"/>
      <testcase name="testAnyOfArray" class="Eloquent\Enumeration\AbstractMultitonTest" file="/home/travis/build/eloquent/enumeration/test/suite/AbstractMultitonTest.php" line="308" assertions="2" time="0.008430"/>
      <testcase name="testToString" class="Eloquent\Enumeration\AbstractMultitonTest" file="/home/travis/build/eloquent/enumeration/test/suite/AbstractMultitonTest.php" line="315" assertions="2" time="0.007414"/>
    </testsuite>
    <testsuite name="Eloquent\Enumeration\AbstractValueMultitonTest" file="/home/travis/build/eloquent/enumeration/test/suite/AbstractValueMultitonTest.php" tests="29" assertions="93" failures="0" errors="0" time="0.264864">
      <testcase name="testMemberByKey" class="Eloquent\Enumeration\AbstractValueMultitonTest" file="/home/travis/build/eloquent/enumeration/test/suite/AbstractValueMultitonTest.php" line="33" assertions="8" time="0.015208"/>
      <testcase name="testMemberByKeyFailureUndefined" class="Eloquent\Enumeration\AbstractValueMultitonTest" file="/home/travis/build/eloquent/enumeration/test/suite/AbstractValueMultitonTest.php" line="55" assertions="1" time="0.007232"/>
      <testcase name="testMemberByKeyWithDefault" class="Eloquent\Enumeration\AbstractValueMultitonTest" file="/home/travis/build/eloquent/enumeration/test/suite/AbstractValueMultitonTest.php" line="61" assertions="5" time="0.010662"/>
      <testcase name="testMemberOrNullByKey" class="Eloquent\Enumeration\AbstractValueMultitonTest" file="/home/travis/build/eloquent/enumeration/test/suite/AbstractValueMultitonTest.php" line="70" assertions="4" time="0.009550"/>
      <testcase name="testMemberOrNullByKeyFailureUndefined" class="Eloquent\Enumeration\AbstractValueMultitonTest" file="/home/travis/build/eloquent/enumeration/test/suite/AbstractValueMultitonTest.php" line="78" assertions="1" time="0.007284"/>
      <testcase name="testMemberBy" class="Eloquent\Enumeration\AbstractValueMultitonTest" file="/home/travis/build/eloquent/enumeration/test/suite/AbstractValueMultitonTest.php" line="84" assertions="8" time="0.014063"/>
      <testcase name="testMemberByFailureUndefined" class="Eloquent\Enumeration\AbstractValueMultitonTest" file="/home/travis/build/eloquent/enumeration/test/suite/AbstractValueMultitonTest.php" line="106" assertions="1" time="0.007169"/>
      <testcase name="testMemberByWithDefault" class="Eloquent\Enumeration\AbstractValueMultitonTest" file="/home/travis/build/eloquent/enumeration/test/suite/AbstractValueMultitonTest.php" line="112" assertions="5" time="0.010559"/>
      <testcase name="testMemberOrNullBy" class="Eloquent\Enumeration\AbstractValueMultitonTest" file="/home/travis/build/eloquent/enumeration/test/suite/AbstractValueMultitonTest.php" line="121" assertions="4" time="0.009354"/>
      <testcase name="testMemberOrNullByFailureUndefined" class="Eloquent\Enumeration\AbstractValueMultitonTest" file="/home/travis/build/eloquent/enumeration/test/suite/AbstractValueMultitonTest.php" line="129" assertions="1" time="0.007204"/>
      <testcase name="testMemberByPredicate" class="Eloquent\Enumeration\AbstractValueMultitonTest" file="/home/travis/build/eloquent/enumeration/test/suite/AbstractValueMultitonTest.php" line="135" assertions="7" time="0.013327"/>
      <testcase name="testMemberByPredicateFailureUndefined" class="Eloquent\Enumeration\AbstractValueMultitonTest" file="/home/travis/build/eloquent/enumeration/test/suite/AbstractValueMultitonTest.php" line="164" assertions="1" time="0.007019"/>
      <testcase name="testMemberByPredicateWithDefault" class="Eloquent\Enumeration\AbstractValueMultitonTest" file="/home/travis/build/eloquent/enumeration/test/suite/AbstractValueMultitonTest.php" line="174" assertions="4" time="0.009188"/>
      <testcase name="testMembers" class="Eloquent\Enumeration\AbstractValueMultitonTest" file="/home/travis/build/eloquent/enumeration/test/suite/AbstractValueMultitonTest.php" line="204" assertions="1" time="0.007478"/>
      <testcase name="testMembersBy" class="Eloquent\Enumeration\AbstractValueMultitonTest" file="/home/travis/build/eloquent/enumeration/test/suite/AbstractValueMultitonTest.php" line="213" assertions="4" time="0.008542"/>
      <testcase name="testMembersByPredicate" class="Eloquent\Enumeration\AbstractValueMultitonTest" file="/home/travis/build/eloquent/enumeration/test/suite/AbstractValueMultitonTest.php" line="231" assertions="3" time="0.007935"/>
      <testcase name="testCallStatic" class="Eloquent\Enumeration\AbstractValueMultitonTest" file="/home/travis/build/eloquent/enumeration/test/suite/AbstractValueMultitonTest.php" line="257" assertions="6" time="0.013472"/>
      <testcase name="testCallStaticFailureUndefined" class="Eloquent\Enumeration\AbstractValueMultitonTest" file="/home/travis/build/eloquent/enumeration/test/suite/AbstractValueMultitonTest.php" line="276" assertions="1" time="0.007287"/>
      <testcase name="testInstantiationLogic" class="Eloquent\Enumeration\AbstractValueMultitonTest" file="/home/travis/build/eloquent/enumeration/test/suite/AbstractValueMultitonTest.php" line="282" assertions="4" time="0.007887"/>
      <testcase name="testInheritanceProtection" class="Eloquent\Enumeration\AbstractValueMultitonTest" file="/home/travis/build/eloquent/enumeration/test/suite/AbstractValueMultitonTest.php" line="293" assertions="1" time="0.007152"/>
      <testcase name="testAnyOf" class="Eloquent\Enumeration\AbstractValueMultitonTest" file="/home/travis/build/eloquent/enumeration/test/suite/AbstractValueMultitonTest.php" line="299" assertions="2" time="0.009093"/>
      <testcase name="testAnyOfArray" class="Eloquent\Enumeration\AbstractValueMultitonTest" file="/home/travis/build/eloquent/enumeration/test/suite/AbstractValueMultitonTest.php" line="305" assertions="2" time="0.008344"/>
      <testcase name="testToString" class="Eloquent\Enumeration\AbstractValueMultitonTest" file="/home/travis/build/eloquent/enumeration/test/suite/AbstractValueMultitonTest.php" line="312" assertions="2" time="0.007549"/>
      <testcase name="testMemberByValue" class="Eloquent\Enumeration\AbstractValueMultitonTest" file="/home/travis/build/eloquent/enumeration/test/suite/AbstractValueMultitonTest.php" line="323" assertions="3" time="0.008670"/>
      <testcase name="testMemberByValueFailureUndefined" class="Eloquent\Enumeration\AbstractValueMultitonTest" file="/home/travis/build/eloquent/enumeration/test/suite/AbstractValueMultitonTest.php" line="330" assertions="1" time="0.007020"/>
      <testcase name="testMemberByValueWithDefault" class="Eloquent\Enumeration\AbstractValueMultitonTest" file="/home/travis/build/eloquent/enumeration/test/suite/AbstractValueMultitonTest.php" line="336" assertions="5" time="0.010532"/>
      <testcase name="testMemberOrNullByValue" class="Eloquent\Enumeration\AbstractValueMultitonTest" file="/home/travis/build/eloquent/enumeration/test/suite/AbstractValueMultitonTest.php" line="348" assertions="4" time="0.009518"/>
      <testcase name="testMemberOrNullByValueFailureUndefined" class="Eloquent\Enumeration\AbstractValueMultitonTest" file="/home/travis/build/eloquent/enumeration/test/suite/AbstractValueMultitonTest.php" line="356" assertions="1" time="0.007320"/>
      <testcase name="testMembersByValue" class="Eloquent\Enumeration\AbstractValueMultitonTest" file="/home/travis/build/eloquent/enumeration/test/suite/AbstractValueMultitonTest.php" line="362" assertions="3" time="0.009246"/>
    </testsuite>
    <testsuite name="Eloquent\Enumeration\Exception\ExtendsConcreteExceptionTest" file="/home/travis/build/eloquent/enumeration/test/suite/Exception/ExtendsConcreteExceptionTest.php" tests="1" assertions="5" failures="0" errors="0" time="0.006840">
      <testcase name="testException" class="Eloquent\Enumeration\Exception\ExtendsConcreteExceptionTest" file="/home/travis/build/eloquent/enumeration/test/suite/Exception/ExtendsConcreteExceptionTest.php" line="19" assertions="5" time="0.006840"/>
    </testsuite>
    <testsuite name="Eloquent\Enumeration\Exception\UndefinedMemberExceptionTest" file="/home/travis/build/eloquent/enumeration/test/suite/Exception/UndefinedMemberExceptionTest.php" tests="1" assertions="6" failures="0" errors="0" time="0.007238">
      <testcase name="testException" class="Eloquent\Enumeration\Exception\UndefinedMemberExceptionTest" file="/home/travis/build/eloquent/enumeration/test/suite/Exception/UndefinedMemberExceptionTest.php" line="23" assertions="6" time="0.007238"/>
    </testsuite>
    <testsuite name="FunctionalTest" file="/home/travis/build/eloquent/enumeration/test/suite/FunctionalTest.php" tests="5" assertions="9" failures="0" errors="0" time="0.057419">
      <testcase name="testHttpRequestMethodSetup" class="FunctionalTest" file="/home/travis/build/eloquent/enumeration/test/suite/FunctionalTest.php" line="17" assertions="1" time="0.012426"/>
      <testcase name="testHttpRequestMethodAcceptAll" class="FunctionalTest" file="/home/travis/build/eloquent/enumeration/test/suite/FunctionalTest.php" line="37" assertions="1" time="0.015338"/>
      <testcase name="testHttpRequestMethodStrictComparison" class="FunctionalTest" file="/home/travis/build/eloquent/enumeration/test/suite/FunctionalTest.php" line="70" assertions="5" time="0.009622"/>
      <testcase name="testPlanetSetup" class="FunctionalTest" file="/home/travis/build/eloquent/enumeration/test/suite/FunctionalTest.php" line="85" assertions="1" time="0.012475"/>
      <testcase name="testPlanetExampleScriptOutput" class="FunctionalTest" file="/home/travis/build/eloquent/enumeration/test/suite/FunctionalTest.php" line="104" assertions="1" time="0.007558"/>
    </testsuite>
  </testsuite>
</testsuites>
